2019/11/01 11:45:29 [Server] Starting 
2019/11/01 11:45:30 [Initial] Version: 490.1567042376, HttpServerPort: 2324, TcpServerPort: 2323, DeveloperTrace: Single, DebugMode: True, TracePrint: True, ClientTrace: False, EnableStackView: True, SessionTimeOut: 1800, NetworkTimeOut: 30, MirrorPatternMaxVerifyTimes: 3, FormStackMaxCount: 10, RelativeScreen: True, TextFontScaling: True, ResourceDenyLocation: , SysTrace: False
        BasePath: F:\测试项目\smobiler项目\DMSDemo\DMSDemo\bin\Debug\
        DefaultImagePath: F:\测试项目\smobiler项目\DMSDemo\DMSDemo\bin\Debug\Resources\Image
        DefaultAudioPath: F:\测试项目\smobiler项目\DMSDemo\DMSDemo\bin\Debug\Resources\Audio
        DefaultDocumentPath: F:\测试项目\smobiler项目\DMSDemo\DMSDemo\bin\Debug\Resources\Document
        DefaultUploadPath: F:\测试项目\smobiler项目\DMSDemo\DMSDemo\bin\Debug\Resources\Upload
        DefaultMediaPath: F:\测试项目\smobiler项目\DMSDemo\DMSDemo\bin\Debug\Resources\Media
        DefaultWebPath: F:\测试项目\smobiler项目\DMSDemo\DMSDemo\bin\Debug\Resources\Web
 
2019/11/01 11:48:14 [Server] Starting 
2019/11/01 11:48:14 [Initial] Version: 490.1567042376, HttpServerPort: 2324, TcpServerPort: 2323, DeveloperTrace: Single, DebugMode: True, TracePrint: True, ClientTrace: False, EnableStackView: True, SessionTimeOut: 1800, NetworkTimeOut: 30, MirrorPatternMaxVerifyTimes: 3, FormStackMaxCount: 10, RelativeScreen: True, TextFontScaling: True, ResourceDenyLocation: , SysTrace: False
        BasePath: F:\测试项目\smobiler项目\DMSDemo\DMSDemo\bin\Debug\
        DefaultImagePath: F:\测试项目\smobiler项目\DMSDemo\DMSDemo\bin\Debug\Resources\Image
        DefaultAudioPath: F:\测试项目\smobiler项目\DMSDemo\DMSDemo\bin\Debug\Resources\Audio
        DefaultDocumentPath: F:\测试项目\smobiler项目\DMSDemo\DMSDemo\bin\Debug\Resources\Document
        DefaultUploadPath: F:\测试项目\smobiler项目\DMSDemo\DMSDemo\bin\Debug\Resources\Upload
        DefaultMediaPath: F:\测试项目\smobiler项目\DMSDemo\DMSDemo\bin\Debug\Resources\Media
        DefaultWebPath: F:\测试项目\smobiler项目\DMSDemo\DMSDemo\bin\Debug\Resources\Web
 
2019/11/01 11:48:14 [Server] Started 
2019/11/01 11:48:14 [AutoSet] Start 
2019/11/01 12:41:43 [Server] Starting 
2019/11/01 12:41:43 [Initial] Version: 490.1567042376, HttpServerPort: 2324, TcpServerPort: 2323, DeveloperTrace: Single, DebugMode: True, TracePrint: True, ClientTrace: False, EnableStackView: True, SessionTimeOut: 1800, NetworkTimeOut: 30, MirrorPatternMaxVerifyTimes: 3, FormStackMaxCount: 10, RelativeScreen: True, TextFontScaling: True, ResourceDenyLocation: , SysTrace: False
        BasePath: F:\测试项目\smobiler项目\DMSDemo\DMSDemo\bin\Debug\
        DefaultImagePath: F:\测试项目\smobiler项目\DMSDemo\DMSDemo\bin\Debug\Resources\Image
        DefaultAudioPath: F:\测试项目\smobiler项目\DMSDemo\DMSDemo\bin\Debug\Resources\Audio
        DefaultDocumentPath: F:\测试项目\smobiler项目\DMSDemo\DMSDemo\bin\Debug\Resources\Document
        DefaultUploadPath: F:\测试项目\smobiler项目\DMSDemo\DMSDemo\bin\Debug\Resources\Upload
        DefaultMediaPath: F:\测试项目\smobiler项目\DMSDemo\DMSDemo\bin\Debug\Resources\Media
        DefaultWebPath: F:\测试项目\smobiler项目\DMSDemo\DMSDemo\bin\Debug\Resources\Web
 
2019/11/01 12:41:44 [Server] Started 
2019/11/01 12:41:44 [AutoSet] Start 
2019/11/01 12:43:51 [Server] Starting 
2019/11/01 12:43:52 [Initial] Version: 490.1567042376, HttpServerPort: 2324, TcpServerPort: 2323, DeveloperTrace: Single, DebugMode: True, TracePrint: True, ClientTrace: False, EnableStackView: True, SessionTimeOut: 1800, NetworkTimeOut: 30, MirrorPatternMaxVerifyTimes: 3, FormStackMaxCount: 10, RelativeScreen: True, TextFontScaling: True, ResourceDenyLocation: , SysTrace: False
        BasePath: F:\测试项目\smobiler项目\DMSDemo\DMSDemo\bin\Debug\
        DefaultImagePath: F:\测试项目\smobiler项目\DMSDemo\DMSDemo\bin\Debug\Resources\Image
        DefaultAudioPath: F:\测试项目\smobiler项目\DMSDemo\DMSDemo\bin\Debug\Resources\Audio
        DefaultDocumentPath: F:\测试项目\smobiler项目\DMSDemo\DMSDemo\bin\Debug\Resources\Document
        DefaultUploadPath: F:\测试项目\smobiler项目\DMSDemo\DMSDemo\bin\Debug\Resources\Upload
        DefaultMediaPath: F:\测试项目\smobiler项目\DMSDemo\DMSDemo\bin\Debug\Resources\Media
        DefaultWebPath: F:\测试项目\smobiler项目\DMSDemo\DMSDemo\bin\Debug\Resources\Web
 
2019/11/01 12:43:52 [Server] Started 
2019/11/01 12:43:52 [AutoSet] Start 
2019/11/01 13:47:08 [Server] Starting 
2019/11/01 13:47:08 [Initial] Version: 490.1567042376, HttpServerPort: 2324, TcpServerPort: 2323, DeveloperTrace: Single, DebugMode: True, TracePrint: True, ClientTrace: False, EnableStackView: True, SessionTimeOut: 1800, NetworkTimeOut: 30, MirrorPatternMaxVerifyTimes: 3, FormStackMaxCount: 10, RelativeScreen: True, TextFontScaling: True, ResourceDenyLocation: , SysTrace: False
        BasePath: F:\测试项目\smobiler项目\DMSDemo\DMSDemo\bin\Debug\
        DefaultImagePath: F:\测试项目\smobiler项目\DMSDemo\DMSDemo\bin\Debug\Resources\Image
        DefaultAudioPath: F:\测试项目\smobiler项目\DMSDemo\DMSDemo\bin\Debug\Resources\Audio
        DefaultDocumentPath: F:\测试项目\smobiler项目\DMSDemo\DMSDemo\bin\Debug\Resources\Document
        DefaultUploadPath: F:\测试项目\smobiler项目\DMSDemo\DMSDemo\bin\Debug\Resources\Upload
        DefaultMediaPath: F:\测试项目\smobiler项目\DMSDemo\DMSDemo\bin\Debug\Resources\Media
        DefaultWebPath: F:\测试项目\smobiler项目\DMSDemo\DMSDemo\bin\Debug\Resources\Web
 
2019/11/01 13:47:08 [Server] Started 
2019/11/01 13:47:08 [AutoSet] Start 
